[  0.00000 Iitalizincgup sbs cpust
[    0.000000] Initializing cro subss u
[    0.0000] nitiaizg cgroup subsys cpuacct
[  0000000] Lnuversio 4.0-101-enic(buiddcy1-amd6-06)(gccverson.4.0200609 (Ubuntu 5.4.0-6ubuntu1~16.04.5) ) #124-Ubuntu SMP Fri Nov 10 18:29:59 UTC 2017 (Ubuntu 4.4.0-10112geeric 4.4.95)
[    0.000] ommad in: BOOT_IMAGE=/bot/vmlinz-.4.0-11-nericootLAELcldimg-rootfs ro console=tty1 consoe=ttyS0
  0.0000] KERNEL uppord pus:[  0.000]   ntl enuinentel
[    0.0000]   AMD utnticAM
    0.000000]   Centaur CentaurHauls
[    0.000000] x86/fpu: xstate_ofset2] 56, xstte_iz[2]:  256
[   0.00000] x86/fpu: SupporinXSAV fate 0x: x87 loting point registers'
[   0000000] x86fpu: Sppting XSAVE feature 0x02: 'SSE registers'
[    0.000000] x86/fpu: Supporting XSAVE feature 0x04: 'AVX registers'
[    0.000000] x86/fpu: Enabled xstate features 0x7, context size is 832 bytes, using 'standard' format.
[    0.000000] x86/fpu: Using 'lazy' FPU context switches.
[    0.000000] e820: BIOS-provided physical RAM map:
[    0.000000] BIOS-e820: [mem 0x0000000000000000-0x000000000009fbff] usable
[    0.000000] BIOS-e820: [mem 0x000000000009fc00-0x000000000009ffff] resve
[  0.00000] BIOS-e820: [mem 0x00000000000f0000-0000000000fffff] reserved
[    0.000000] BIOS-e820: [mem 0x0000000000100000-0x00000000dffeffff] usable
[    0.000000] BIOS-e820: [mem 0x00000000df0000-0x00000dfffffff]AC data
[    0.000000] BIOS-e820: [mem 0x00000000c0000x0000000fec00fff] rervd
[   00000] BIOS-e820: [mem0x000000fee000-x00000000fee00fff] reerd
[  000000BIS-e820: [mem 0x00000000fffc0000-0000000fffff] resered
[    0.000000BIOS-e0: [me0x000000100000000-0x000011ffffff uble
[   000000] NX (Execue Disable) protection: active
[    0.000000] SMBIOS 2.5 present.
[    0.000000] Hypervisor detected: KVM
[    0.000000] e820: last_pfn = 0x120000 max_arch_pfn = 0x400000000
[    0.000000] MTRR: Disabled
[    0.000000] x86/PAT: MTRRs disabled, skipping PAT initialization too.
[    0.000000] CPU MTRRs all blank  virtulize ste.
[   0.0000]86PAT: Confguatio[07]:WBWT  UC- UC  WB  WT  UC- UC  
[    0.000000] e820: last_pfn = 0xdfff0 max_arch_pfn = 0x400000000
[    0.00000]oud MP MP-table at [mem 0x0009fff0x009ffff]maedat [ff8800009f0
    .0000] Scnng 1 areas for owmemoryorrupon
[    0.000000] RAMDISK: [mem 0x36ad4000-0x37561fff]
[    0.000000] ACPI: Early table checksum verification disabled
[    0.000000] ACPI: RSDP 0x00000000000E0000 000024 (v02 VBOX  )
[    0.000000] ACPI:XS 000000DFF0030 00003C (v01 VBOX   VBOXXSDT 00000001 ASL  00000061)
[    0.000000] ACPI: FACP 0x00000000DFFF00F0 0000F4 (v04 VBOX   VBOXFACP 00000001 ASL  00000061)
[    0.000000] ACPI: DSDT 0x00000000DFFF0470 0021FF (v02 VBOX   VBOXBIOS 00000002 INTL 20100528)
[    0.000000] ACPI: FACS 0x00000000DFF20000040
[   000000] ACPI: FCS0x0000000DFFF0200 000040
[    00.000] CPI:PI0x00000000DFFF0240 00005C (v02 VBOX   VBOXAPIC 00000001 ASL  00000061)
[    0.000000] ACPI: SSDT 0000000DFF00 0001CC (v01 VBOX   VBOXCPUT 00000002 INTL 20100528)
[    0.000000] No NUMA configuration found
[    0.000000] Fina nodet [mem 0x00000000000000x00000011fffff
[    0.000000] NODE_DATA(0) allocated [mem 0x11fff7000-0x11fffbfff]
[    0.000000] kvm-clock: Using msrs 4b564d01 and 4b564d00
[    00000] kvm-clock: cpu , msr 1:1ffef001, primary cpu cloc
    0.000000] kvm-clock: usg sched offset o342486981 cycles
[    0.000000] clocksource: kvm-clock: mask: 0xffffffffffffffff max_cycles: 1c42e4dffb, max_idle_ns: 8815051483 ns
[    0.000000] Zone ranges:
[    0.000000]   DMA      [mem x0000000000100-000000000fff]
[   0.000000]   DMA32    [mem 0x0000000001000000-0x00000000ffffffff]
[    0.000000]   Normal   [mem 0x0000000100000000x000000011fffffff]
[    0.000000]   Device   empty
[    0.000000] Movable zone start forac node
[    .0000] Early memory node ranges
[    00000]   node   0: [mem 0x0000000000001000-0x000000000009efff]
[    0.000000]   node   0: [mem 0x0000000000100000-0x00000dffeffff]
[    0.000]   node   0: [mem 0x0000000100000000-0x000000011fffffff]
[    0.000000] Initmem setup node 0 [mem 0x0000000000001000x00000011ffffff
    0.000000] ACPI: PM-Timer IO Port: 0x4008
[    0.000000] IOAPIC[0]: apic_id  vrsion 32 adrss 0fe00000 GSI 0-23
[    0.000000] ACPI: INT_SRC_OVR (bus 0 bus_irq 0 global_irq 2 flfl)
[    0.000000] ACPI: INT_SRC_OVR (bus 0 bus_irq 9 global_irq 9 low level)
[    0.000000] Using ACPI (MADT) for SMP configuratn nformation
[   00000] pbot Alowing 2 CPUs, 0 hotplug CPUs
[    0.000000] PM: Registered nosave memo: [mem 0x00000000-0x00000fff]
[    0.000000] PM: Registered nossave memory: [mem 0x0009f000-0x0009ffff]
[    0.0000]PM: Registred nosave memoy:[mem x00a000-x0efff]
  0.0000] : egisrenosave mmo: [mem x0f000-0x000fffff]
[    0.000000] PM: Registered nosave memory: [mem 0ff0000-0xdffffff][    00000]M: Regitered nosavemery: [me0x0000000-0fefff]
  0.0000 P: Regiser nosave mmo: [mem0xec00000xfec00ff]
[    0.0000] M:Regited osave memo: mem 0xfec010-0edfff]
[    0.0000]PM: Registered nove memory: [mem 0xfee00000-0xee00fff]
[  0000000] P Rgister nsae memory:me 0xfee01000-0xfffbffff]
[    0.000000] PM: gitered nosave memy: [mem 0xfffc0000-0xffffffff]
[    0.000000] e820: [em 0xe0000000-0xfebfffff] available for PCI devices
[    0.000000] Booting paravirtualized kernel on KVM
[    0.000000] clocksource: refined-jiffies: mask: 0xffffffff max_cycles: 0xffffffff, max_idle_ns: 7645519600211568 ns
[    0.000000] setup_percpu: NR_CPUS:512 nr_cpumask_bits:512 nr_cpu_ids:2 nr_node_ids:1
[    0.000000] PERCPU: Embedded 34 pages/cpu @ffff88011fc00000 s32 r8192 d32744 u1048576
[    0.000000] PV qspinlock hash table entries: 256 (order: 0, 4096 bytes)
[    0.000000] Built 1 zonelists in Node order, mobility grouping on.  Total ge: 1032057
[    0.000000] Policy zone: Normal
[    0.000000] Kernel command line: BOOT_IMAGE=/boot/vmlinuz-4.4.0-101-generic root=LABEL=cloudimg-rootfs ro console=tty1 console=ttyS0
[    0.000000] PID hash table entries: 4096 (order: 3, 32768 bys)
[    0.000000] Memory: 4026/41984 aailale8484kern cde, 124K wdta, 398Kodat, 92 init, 1316 b, 1658K rserve 0 cma-reserved)
[    0.0000 SLUB: HWli=64,Orr=-3, MnOects=0, CPUs=2, Nodes=1
[    0.000000] Hierarchical RCU implementation.
[    0.0000] 	Build-time adjustment of leaf fanout to 64.
[    0.000000] 	RCU restricting CPUs from NR_CPUS=512 to nr_cpu_ids=2.
[    0.000000] RCU: Adjusting geometry for rcu_fanout_leaf=64, nr_cpu_ids=2
[    0.000000] NR_IRQS:33024 nr_irqs:440 16
[    0.000000] Console: colour VGA+ 0x5
[   000000 conol [tty1] enbl
[    .0000] console [ttyS0] enabled
[    0.000000] tsc: Detected 2599.998 MHz processor
[   10.060835] Calibrating delay loop (skipped) preset value.. 5199.99 BogoMIPS (lpj=10399992)
[   10.142763] pid_max: default: 32768 minimum: 301
[   10.176326] ACPI: Core revision 20150930
[   10.182537] ACPI: 2 ACPI AML tables successfully acquired and loaded
[   10.240326] Security Framework initialized
[   10.279849] Yama: becoming mindful.
[   10.317059] AppArmor: AppArmor initialized
[   10.366721] Dentry cache hash table entries: 524288 (order: 10, 4194304 bytes)
[   10.443692] Inode-cache hash table entries: 262144 (order: 9, 2097152 bytes)
[   10.524340] Mount-cache hash table entries: 8192 (order: 4, 65536 bytes)
[   10.601212] Mountpoint-cache hash table entries: 8192 (order: 4, 65536 bytes)
[   10.652450] Initializing cgroup subsys io
[   10.653368] Initializing cgroup subsys memory
[   10.654322] Initializing cgroup subsys devices
[   10.695987] Initializing cgroup subsys freezer
[   10.728869] Initializing cgroup subsys net_cls
[   10.729935] Initializing cgroup subsys perf_event
[   10.730982] Initializing cgroup subsys net_prio
[   10.753730] Initializing cgroup subsys hugetlb
[   10.795565] Initializing cgroup subsys pids
[   10.836201] CPU: Physical Processor ID: 0
[   10.857527] CPU: Processor Core ID: 0
[   10.891521] mce: CPU supports 0 MCE banks
[   10.900945] Last level iTLB entries: 4KB 1024, 2MB 1024, 4MB 1024
[   10.923416] Last level dTLB entries: 4KB 1024, 2MB 1024, 4MB 1024, 1GB 4
[   10.973837] Freeing SMP alternatives memory: 32K
[   10.982989] ftrace: allocating 32156 entries in 126 pages
[   11.067993] smpboot: APIC(0) Converting physical 0 to logical package 0
[   11.147903] smpboot: Max logical packages: 1
[   11.209197] x2apic enabled
[   11.224440] Switched APIC routing to physical x2apic.
[   11.237947] ..TIMER: vector=0x30 apic1=0 pin1=2 apic2=-1 pin2=-1
[   11.355517] smpboot: CPU0: Intel(R) Core(TM) i5-4288U CPU @ 2.60GHz (family: 0x6, model: 0x45, stepping: 0x1)
[   11.370730] Performance Events: unsupported p6 CPU model 69 no PMU driver, software events only.
[   11.374804] KVM setup paravirtual spinlock
[   11.386462] x86: Booting SMP configuration:
[   11.389328] .... node  #0, CPUs:      #1
[   11.392487] kvm-clock: cpu 1, msr 1:1ffef041, secondary cpu clock
[   11.424478] mce: CPU supports 0 MCE banks
[   11.439776] x86: Booted up 1 node, 2 CPUs
[   11.445093] smpboot: Total of 2 processors activated (10399.99 BogoMIPS)
[   11.450442] devtmpfs: initialized
[   11.458965] evm: security.selinux
[   11.471444] evm: security.SMACK64
[   11.472337] evm: security.SMACK64EXEC
[   11.473220] evm: security.SMACK64TRANSMUTE
[   11.476624] evm: security.SMACK64MMAP
[   11.477474] evm: security.ima
[   11.481088] evm: security.capability
[   11.482374] clocksource: jiffies: mask: 0xffffffff max_cycles: 0xffffffff, max_idle_ns: 7645041785100000 ns
[   11.510898] futex hash table entries: 512 (order: 3, 32768 bytes)
[   11.523490] pinctrl core: initialized pinctrl subsystem
[   11.552118] RTC time: 22:28:45, date: 12/15/17
[   11.553507] NET: Registered protocol family 16
[   11.573080] cpuidle: using governor ladder
[   11.592712] cpuidle: using governor menu
[   11.637652] PCCT header not found.
[   11.656663] ACPI: bus type PCI registered
[   11.675006] acpiphp: ACPI Hot Plug PCI Controller Driver version: 0.5
[   11.676449] PCI: Using configuration type 1 for base access
[   11.693387] ACPI: Added _OSI(Module Device)
[   11.711589] ACPI: Added _OSI(Processor Device)
[   11.736754] ACPI: Added _OSI(3.0 _SCP Extensions)
[   11.741013] ACPI: Added _OSI(Processor Aggregator Device)
[   11.774476] ACPI: Executed 1 blocks of module-level executable AML code
[   11.781399] ACPI: Interpreter enabled
[   11.784208] ACPI: (supports S0 S5)
[   11.792352] ACPI: Using IOAPIC for interrupt routing
[   11.794448] PCI: Using host bridge windows from ACPI; if necessary, use "pci=nocrs" and report a bug
[   11.823872] ACPI: PCI Root Bridge [PCI0] (domain 0000 [bus 00-ff])
[   11.841362] acpi PNP0A03:00: _OSC: OS supports [ASPM ClockPM Segments MSI]
[   11.843702] acpi PNP0A03:00: _OSC: not requesting OS control; OS requires [ExtendedConfig ASPM ClockPM MSI]
[   11.921574] acpi PNP0A03:00: fail to add MMCONFIG information, can't access extended PCI configuration space under this bridge.
[   11.930577] PCI host bridge to bus 0000:00
[   11.937061] pci_bus 0000:00: root bus resource [io  0x0000-0x0cf7 window]
[   11.976755] pci_bus 0000:00: root bus resource [io  0x0d00-0xffff window]
[   11.978138] pci_bus 0000:00: root bus resource [mem 0x000a0000-0x000bffff window]
[   11.989495] pci_bus 0000:00: root bus resource [mem 0xe0000000-0xfdffffff window]
[   11.998509] pci_bus 0000:00: root bus resource [bus 00-ff]
[   12.001331] pci 0000:00:01.1: legacy IDE quirk: reg 0x10: [io  0x01f0-0x01f7]
[   12.002761] pci 0000:00:01.1: legacy IDE quirk: reg 0x14: [io  0x03f6]
[   12.004086] pci 0000:00:01.1: legacy IDE quirk: reg 0x18: [io  0x0170-0x0177]
[   12.012841] pci 0000:00:01.1: legacy IDE quirk: reg 0x1c: [io  0x0376]
[   12.076568] pci 0000:00:07.0: quirk: [io  0x4000-0x403f] claimed by PIIX4 ACPI
[   12.083785] pci 0000:00:07.0: quirk: [io  0x4100-0x410f] claimed by PIIX4 SMB
[   12.145853] ACPI: PCI Interrupt Link [LNKA] (IRQs 5 9 10 *11)
[   12.221144] ACPI: PCI Interrupt Link [LNKB] (IRQs 5 9 *10 11)
[   12.239402] ACPI: PCI Interrupt Link [LNKC] (IRQs 5 *9 10 11)
[   12.257463] ACPI: PCI Interrupt Link [LNKD] (IRQs 5 9 10 *11)
[   12.298939] ACPI: Enabled 2 GPEs in block 00 to 07
[   12.329106] vgaarb: setting as boot device: PCI:0000:00:02.0
[   12.358448] vgaarb: device added: PCI:0000:00:02.0,decodes=io+mem,owns=io+mem,locks=none
[   12.373626] vgaarb: loaded
[   12.374329] vgaarb: bridge control possible 0000:00:02.0
[   12.382100] SCSI subsystem initialized
[   12.396248] ACPI: bus type USB registered
[   12.408981] usbcore: registered new interface driver usbfs
[   12.453358] usbcore: registered new interface driver hub
[   12.480784] usbcore: registered new device driver usb
[   12.495365] PCI: Using ACPI for IRQ routing
[   12.497887] NetLabel: Initializing
[   12.533909] NetLabel:  domain hash size = 128
[   12.566182] NetLabel:  protocols = UNLABELED CIPSOv4
[   12.586013] NetLabel:  unlabeled traffic allowed by default
[   12.638897] amd_nb: Cannot enumerate AMD northbridges
[   12.684860] clocksource: Switched to clocksource kvm-clock
[   12.80] pAorAprm FesteEnle
[  13374 p: nP AC iit
[  1650943] pnp: PnP ACPI: found 3 devices

[   13.750271] clocksource: acpi_pm: mask: 0xffffff max_cycles: 0xffffff, max_idle_ns: 2085701024 ns
[   13.766270] NET: Registered protocol family 2
[   13.792061] TCP established hash table entries: 32768 (order: 6, 262144 bytes)
[   13.872936] TCP bind hash table entries: 32768 (order: 7, 524288 bytes)
[   13.918633] TCP: Hash tables configured (established 32768 bind 32768)
[   14.015105] UDP hash table entries: 2048 (order: 4, 65536 bytes)
[   14.070357] UDP-Lite hash table entries: 2048 (order: 4, 65536 bytes)
[   14.117890] NET: Registered protocol family 1
[   14.167811] pci 0000:00:00.0: Limiting direct PCI/PCI transfers
[   14.182137] pci 0000:00:01.0: Activating ISA DMA hang workarounds
[   14.211709] Unpacking initramfs...
[   6.280] Freeing iitrdmeor: 80
  6.10] I-A:si software bunce buffein f I(SOT)
[  13991 software IO TLB [me0xff00-0xdfff0000] (64MB) mapped at [ffff8800dbff0000-ffff8800dffeffff]

[   17.731386]APL PMU detected, API unit is 2^-32 Joules, 4 fixed counters 074140msvftir  1808206] hw unit of domain pp0-core 2^-0 Joules

[   18.251404] hw unit of domain package 2^-0 Joules
[   18.259274] hw unit of domain dram 2^-0 Joules
[   18.266349] hw unit of domain pp1-gpu 2^-0 Joules
[   18.275099] platform rtc_cmos: registered platform RTC device (no PNP device found)
[   18.294268] Scanning for low memory corruption every 60 seconds
[   18.310324] audit: initializing netlink subsys (disabled)
[   18.350953] audit: type=2000 audit(1513376926.459:1): initialized
[   18.390892] Initialise system trusted keyring
[   18.471162] HugeTLB registered 2 MB page size, pre-allocated 0 pages
[   18.514318] zbud: loaded
[   18.527412] VFS: Disk quotas dquot_6.6.0
[   18.578465] VFS: Dquot-cache hash table entries: 512 (order 0, 4096 bytes)
[   18.615876] squashfs: version 4.0 (2009/01/31) Phillip Lougher
[   18.685098] fuse init (API version 7.23)
[   18.709332] Key type big_key registered
[   18.731636] Allocating IMA MOK and blacklist keyrings.
[   18.824788] Key type asymmetric registered
[   18.826707] Asymmetric key parser 'x509' registered
[   18.827642] Block layer SCSI generic (bsg) driver version 0.4 loaded (major 249)
[   18.829083] io scheduler noop registered
[   18.829816] io scheduler deadline registered (default)
[   18.830757] io scheduler cfq registered
[   18.874858] pci_hotplug: PCI Hot Plug PCI Core version: 0.5
[   18.939032] pciehp: PCI Express Hot Plug Controller Driver version: 0.4
[   19.000174] ACPI: AC Adapter [AC] (on-line)
[   19.024628] input: Power Button as /devices/LNXSYSTM:00/LNXPWRBN:00/input/input0
[   19.034453] ACPI: Power Button [PWRF]
[   19.064763] input: Sleep Button as /devices/LNXSYSTM:00/LNXSLPBN:00/input/input1
[   19.079907] ACPI: Sleep Button [SLPF]
[   19.103999] GHES: HEST is not enabled!
[   19.105022] ACPI: Battery Slot [BAT0] (battery present)
[   19.140003] Serial: 8250/16550 driver, 32 ports, IRQ sharing enabled
[   19.163867] 00:02: ttyS0 at I/O 0x3f8 (irq = 4, base_baud = 115200) is a 16550A
[   19.212545] Linux agpgart interface v0.103
[   19.243200] loop: module loaded
[   19.245944] scsi host0: ata_piix
[   19.246941] scsi host1: ata_piix
[   19.247769] ata1: PATA max UDMA/33 cmd 0x1f0 ctl 0x3f6 bmdma 0xd000 irq 14
[   19.249230] ata2: PATA max UDMA/33 cmd 0x170 ctl 0x376 bmdma 0xd008 irq 15
[   19.278617] tsc: Refined TSC clocksource calibration: 2599.614 MHz
[   19.281617] clocksource: tsc: mask: 0xffffffffffffffff max_cycles: 0x2578cf64b9e, max_idle_ns: 440795304449 ns
[   19.28325liphy Fixed MDIO Bus: probed
[   19.41384] tun: Universal TUN/TAP device driver, 1.6
[  19.484109] tun: (C) 1999-2004 Max Krasnyansky <maxk@qualcomm.com>

[   19.518297] PPP generic driver version 2.4.2
[   19.533773] ehci_hcd: USB 2.0 'Enhanced' Host Controller (EHCI) Driver
[   19.565036] ehci-pci: EHCI PCI platform driver
[   19.600637] ehci-platform: EHCI generic platform driver
[   19.628616] ohci_hcd: USB 1.1 'Open' Host Controller (OHCI) Driver
[   19.648729] ohci-pci: OHCI PCI platform driver
[   19.654704] ohci-platform: OHCI generic platform driver
[   19.705027] uhci_hcd: USB Universal Host Controller Interface driver
[   19.726389] i8042: PNP: PS/2 Controller [PNP0303:PS2K,PNP0f03:PS2M] at 0x60,0x64 irq 1,12
[   19.837891] serio: i8042 KBD port at 0x60,0x64 irq 1
[   19.914413] serio: i8042 AUX port at 0x60,0x64 irq 12
[   19.944500] mousedev: PS/2 mouse device common for all mice
[   19.947204] rtc_cmos rtc_cmos: rtc core: registered rtc_cmos as rtc0
[   20.005693] rtc_cmos rtc_cmos: alarms up to one day, 114 bytes nvram
[   20.061892] input: AT Translated Set 2 keyboard as /devices/platform/i8042/serio0/input/input2
[   20.162950] i2c /dev entries driver
[   20.200338] device-mapper: uevent: version 1.0.3
[   20.216571] device-mapper: ioctl: 4.34.0-ioctl (2015-10-28) initialised: dm-devel@redhat.com
[   20.232140] ledtrig-cpu: registered to indicate activity on CPUs
[   20.233887] NET: Registered protocol family 10
[   20.26990 NT:egted protocol family 17

[   20.517266] Key type dns_resolver registered
[   20.524179] microcode: CPU0 sig=0x40651, pf=0x40, revision=0x0
[   20.534514] microcode: CPU1 sig=0x40651, pf=0x40, revision=0x0
[   20.556669] microcode: Microcode Update Driver: v2.01 <tigran@aivazian.fsnet.co.uk>, Peter Oruba
[   20.575679] registered taskstats version 1
[   20.579945] Loading compiled-in X.509 certificates
[   20.587980] Loaded X.509 cert 'Build time autogenerated kernel key: f91c6829a34a801956ec6287af569c0a1f1f8d39'
[   20.596231] zswap: loaded using pool lzo/zbud
[   20.611832] Key type trusted registered
[   20.623180] Key type encrypted registered
[   20.667734] AppArmor: AppArmor sha1 policy hashing enabled
[   20.679605] ima: No TPM chip found, activating TPM-bypass!
[   20.714238] evm: HMAC attrs: 0x1
[   20.722324]   Magic number: 13:425:502
[   20.739851] rtc_cmos rtc_cmos: setting system clock to 2017-12-15 22:28:55 UTC (1513376935)
[   20.746505] BIOS EDD facility v0.16 2004-Jun-25, 0 devices found
[   20.783702] EDD information not available.
[   20.816859] Freeing unused kernel memory: 1492K
[   20.826479] Write protecting the kernel read-only data: 14336k
[   20.830744] Freeing unused kernel memory: 1744K
[   20.839934] Freeing unused kernel memory: 108K
Loading, please wait...
starting version 229
[   20.857288] random: systemd-udevd: uninitialized urandom read (16 bytes read, 4 bits of entropy available)
[   20.857525] random: udevadm: uninitialized urandom read (16 bytes read, 4 bits of entropy available)
[   20.857549] random: udevadm: uninitialized urandom read (16 bytes read, 4 bits of entropy available)
[   20.863934] random: udevadm: uninitialized urandom read (16 bytes read, 4 bits of entropy available)
[   20.863965] random: udevadm: uninitialized urandom read (16 bytes read, 4 bits of entropy available)
[   20.864060] random: udevadm: uninitialized urandom read (16 bytes read, 4 bits of entropy available)
[   20.864094] random: udevadm: uninitialized urandom read (16 bytes read, 4 bits of entropy available)
[   20.864164] random: udevadm: uninitialized urandom read (16 bytes read, 4 bits of entropy available)
[   20.864202] random: udevadm: uninitialized urandom read (16 bytes read, 4 bits of entropy available)
[   20.864235] random: udevadm: uninitialized urandom read (16 bytes read, 4 bits of entropy available)
[   21.011424] Fusion MPT base driver 3.04.20
[   21.012665] Copyright (c) 1999-2008 LSI Corporation
[   21.014037] e1000: Intel(R) PRO/1000 Network Driver - version 7.3.21-k8-NAPI
[   21.019490] e1000: Copyright (c) 1999-2006 Intel Corporation.
[   21.025391] Fusion MPT SPI Host driver 3.04.20
[   21.048596] AVX2 version of gcm_enc/dec engaged.
[   21.112244] AES CTR mode by8 optimization enabled
[   21.328371] input: ImExPS/2 Generic Explorer Mouse as /devices/platform/i8042/serio1/input/input4
[   21.445889] e1000 0000:00:03.0 eth0: (PCI:33MHz:32-bit) 02:b9:83:f0:a4:db
[   21.534815] e1000 0000:00:03.0 eth0: Intel(R) PRO/1000 Network Connection
[   21.938353] e1000 0000:00:08.0 eth1: (PCI:33MHz:32-bit) 08:00:27:ce:de:71
[   22.012493] e1000 0000:00:08.0 eth1: Intel(R) PRO/1000 Network Connection
[   22.091897] mptbase: ioc0: Initiating bringup
[   22.092004] e1000 0000:00:03.0 enp0s3: renamed from eth0
[   22.198551] e1000 0000:00:08.0 enp0s8: renamed from eth1
[   22.293852] ioc0: LSI53C1030 A0: Capabilities={Initiator}
[   23.402787] scsi host2: ioc0: LSI53C1030 A0, FwRev=00000000h, Ports=1, MaxQ=256, IRQ=20
[   24.040563] floppy0: no floppy controllers found
[   24.091008] scsi 2:0:0:0: Direct-Access     VBOX     HARDDISK         1.0  PQ: 0 ANSI: 5
[   24.148450] scsi target2:0:0: Beginning Domain Validation
[   24.158656] scsi target2:0:0: Domain Validation skipping write tests
[   24.200849] scsi target2:0:0: Ending Domain Validation
[   24.209934] scsi target2:0:0: asynchronous
[   24.211744] scsi 2:0:1:0: Direct-Access     VBOX     HARDDISK         1.0  PQ: 0 ANSI: 5
[   24.317232] scsi target2:0:1: Beginning Domain Validation
[   24.352302] scsi target2:0:1: Domain Validation skipping write tests
[   24.355437] scsi target2:0:1: Ending Domain Validation
[   24.372655] scsi target2:0:1: asynchronous
[   24.422252] sd 2:0:0:0: Attached scsi generic sg0 type 0
[   24.466449] sd 2:0:0:0: [sda] 20971520 512-byte logical blocks: (10.7 GB/10.0 GiB)
[   24.523601] sd 2:0:1:0: Attached scsi generic sg1 type 0
[   24.524044] sd 2:0:1:0: [sdb] 20480 512-byte logical blocks: (10.5 MB/10.0 MiB)
[   24.524204] sd 2:0:1:0: [sdb] Write Protect is off
[   24.524352] sd 2:0:1:0: [sdb] Incomplete mode parameter data
[   24.524353] sd 2:0:1:0: [sdb] Assuming drive cache: write through
[   24.526809] sd 2:0:1:0: [sdb] Attached SCSI disk
[   24.558242] sd 2:0:0:0: [sda] Write Protect is off
[   24.558408] sd 2:0:0:0: [sda] Incomplete mode parameter data
[   24.558409] sd 2:0:0:0: [sda] Assuming drive cache: write through
[   24.562423]  sda: sda1
[   24.563580] sd 2:0:0:0: [sda] Attached SCSI disk
Begin: Loading e[   26.241938] md: linear personality registered for level -1
ssential drivers[   26.289667] md: multipath personality registered for level -4
 ... [   26.356116] md: raid0 personality registered for level 0
[   26.416318] md: raid1 personality registered for level 1
[   26.545305] raid6: sse2x1   gen()  7933 MB/s
[   26.645124] raid6: sse2x1   xor()  5452 MB/s
[   26.713208] raid6: sse2x2   gen() 10494 MB/s
[   26.817232] raid6: sse2x2   xor()  7486 MB/s
[   26.887295] raid6: sse2x4   gen() 12791 MB/s
[   26.969392] raid6: sse2x4   xor()  8818 MB/s
[   27.070088] raid6: avx2x1   gen() 17503 MB/s
[   27.165078] raid6: avx2x2   gen() 18833 MB/s
[   27.237337] raid6: avx2x4   gen() 23028 MB/s
[   27.246345] raid6: using algorithm avx2x4 gen() 23028 MB/s
[   27.249573] raid6: using avx2x2 recovery algorithm
[   27.261935] xor: automatically using best checksumming function:
[   27.317001]    avx       : 14915.000 MB/sec
[   27.361485] async_tx: api initialized (async)
[   27.448687] md: raid6 personality registered for level 6
[   27.468231] md: raid5 personality registered for level 5
[   27.500393] md: raid4 personality registered for level 4
[   27.524530] md: raid10 personality registered for level 10
done.
Begin: Running /scripts/init-premount ... done.
Begin: Mounting root file system ... Begin: Running /scripts/lo[   27.621048] Btrfs loaded
cal-top ... done.
Begin: Running /scripts/local-premount ... Scanning for Btrfs[   27.706931] EXT4-fs (sda1): mounted filesystem with ordered data mode. Opts: (null)
 filesystems
done.
Warning: fsck not present, so skipping root file system
done.
Begin: Running /scripts/local-bottom ... done.
Begin: Running /scripts/init-bottom ... done.
[   27.899697] systemd[1]: systemd 229 running in system mode. (+PAM +AUDIT +SELINUX +IMA +APPARMOR +SMACK +SYSVINIT +UTMP +LIBCRYPTSETUP +GCRYPT +GNUTLS +ACL +XZ -LZ4 +SECCOMP +BLKID +ELFUTILS +KMOD -IDN)
[   28.112212] systemd[1]: Detected virtualization oracle.
[   28.114782] systemd[1]: Detected architecture x86-64.

Welcome to [1mUbuntu 16.04.3 LTS[0m!

[   28.166684] systemd[1]: Set hostname to <ubuntu>.
[   28.210476] systemd[1]: Initializing machine ID from random generator.
[   28.294504] systemd[1]: Installed transient /etc/machine-id file.
[   28.605217] systemd[1]: Listening on LVM2 metadata daemon socket.
[[0;32m  OK  [0m] Listening on LVM2 metadata daemon socket.
[   28.633944] systemd[1]: Created slice User and Session Slice.
[[0;32m  OK  [0m] Created slice User and Session Slice.
[   28.657983] systemd[1]: Created slice System Slice.
[[0;32m  OK  [0m] Created slice System Slice.
[   28.673587] systemd[1]: Listening on LVM2 poll daemon socket.
[[0;32m  OK  [0m] Listening on LVM2 poll daemon socket.
[   28.679604] systemd[1]: Reached target User and Group Name Lookups.
[[0;32m  OK  [0m] Reached target User and Group Name Lookups.
[   28.685655] systemd[1]: Listening on Journal Socket.
[[0;32m  OK  [0m] Listening on Journal Socket.
[   28.701702] systemd[1]: Mounting Debug File System...
         Mounting Debug File System...
[   28.742079] systemd[1]: Starting Remount Root and Kernel File Systems...
         Starting Remount Root a[   28.747172] EXT4-fs (sda1): re-mounted. Opts: (null)
nd Kernel File Systems...
[   28.753711] systemd[1]: Listening on Journal Audit Socket.
[[0;32m  OK  [0m] Listening on Journal Audit Socket.
[   28.797828] systemd[1]: Starting Create list of required static device nodes for the current kernel...
         Starting Create list of required st... nodes for the current kernel...
[   28.822666] systemd[1]: Listening on Journal Socket (/dev/log).
[[0;32m  OK  [0m] Listening on Journal Socket (/dev/log).
[   28.851354] systemd[1]: Started Trigger resolvconf update for networkd DNS.
[[0;32m  OK  [0m] Started Trigger resolvconf update for networkd DNS.
[   28.914044] systemd[1]: Started Forward Password Requests to Wall Directory Watch.
[[0;32m  OK  [0m] Started Forward Password Requests to Wall Directory Watch.
[   28.974022] systemd[1]: Listening on udev Kernel Socket.
[[0;32m  OK  [0m] Listening on udev Kernel Socket.
[   29.053436] systemd[1]: Starting Set console keymap...
[   29.057119] random: nonblocking pool is initialized
         Starting Set console keymap...
[   29.181278] systemd[1]: Mounting POSIX Message Queue File System...
         Mounting POSIX Message Queue File System...
[   29.241373] systemd[1]: Starting Uncomplicated firewall...
         Starting Uncomplicated firewall...
[   29.265862] systemd[1]: Starting Nameserver information manager...
         Starting Nameserver information manager...
[   29.353736] systemd[1]: Starting Load Kernel Modules...
[   29.70448]Lodig CS transor class v2.0-870.

         Starting Load Kernel Mo[   29.645767] iscsi: registered transport (tcp)
dules...
[   29.697016] systemd[1]: Mounting Huge Pages File System...
         Mountin[   29.710939] iscsi: registered transport (iser)
g Huge Pages File System...
[   29.769421] systemd[1]: Listening on Device-mapper event daemon FIFOs.
[[0;32m  OK  [0m] Listening on Device-mapper event daemon FIFOs.
[   29.869828] systemd[1]: Starting Monitoring of LVM2 mirrors, snapshots etc. using dmeventd or progress polling...
         Starting Monitoring of LVM2 mirrors... dmeventd or progress polling...
[   29.956546] systemd[1]: Listening on Syslog Socket.
[[0;32m  OK  [0m] Listening on Syslog Socket.
[   30.012340] systemd[1]: Set up automount Arbitrary Executable File Formats File System Automount Point.
[[0;32m  OK  [0m] Set up automount Arbitrary Executab...ats File System Automount Point.
[   30.113660] systemd[1]: Listening on udev Control Socket.
[[0;32m  OK  [0m] Listening on udev Control Socket.
[   30.201741] systemd[1]: Reached target Slices.
[[0;32m  OK  [0m] Reached target Slices.
[   30.241729] systemd[1]: Starting Journal Service...
         Starting Journal Service...
[   30.293402] systemd[1]: Reached target Swap.
[[0;32m  OK  [0m] Reached target Swap.
[   30.381594] systemd[1]: Created slice system-serial\x2dgetty.slice.
[[0;32m  OK  [0m] Created slice system-serial\x2dgetty.slice.
[   30.499685] systemd[1]: Reached target Encrypted Volumes.
[[0;32m  OK  [0m] Reached target Encrypted Volumes.
[   30.514632] systemd[1]: Listening on /dev/initctl Compatibility Named Pipe.
[[0;32m  OK  [0m] Listening on /dev/initctl Compatibility Named Pipe.
[   30.566083] systemd[1]: Mounted POSIX Message Queue File System.
[[0;32m  OK  [0m] Mounted POSIX Message Queue File System.
[   30.642044] systemd[1]: Mounted Huge Pages File System.
[[0;32m  OK  [0m] Mounted Huge Pages File System.
[   30.673579] systemd[1]: Mounted Debug File System.
[[0;32m  OK  [0m] Mounted Debug File System.
[   30.713772] systemd[1]: Started Journal Service.
[[0;32m  OK  [0m] Started Journal Service.
[[0;32m  OK  [0m] Started Remount Root and Kernel File Systems.
[[0;32m  OK  [0m] Started Create list of required sta...ce nodes for the current kernel.
[[0;32m  OK  [0m] Started Set console keymap.
[[0;32m  OK  [0m] Started Uncomplicated firewall.
[[0;32m  OK  [0m] Started Load Kernel Modules.
[[0;32m  OK  [0m] Started Nameserver information manager.
[[0;32m  OK  [0m] Started LVM2 metadata daemon.
         Starting Apply Kernel Variables...
         Mounting FUSE Control File System...
         Starting Create Static Device Nodes in /dev...
         Starting Initial cloud-init job (pre-networking)...
         Starting udev Coldplug all Devices...
         Starting Load/Save Random Seed...
         Starting Flush Journal to Persistent Storage...
[[0;32m  OK  [0m] Mounted FUSE Control File System.
[[0;32m  OK  [0m] Started Apply Kernel Variables.
[[0;32m  OK  [0m] Started Create Static Device Nodes in /dev.
[[0;32m  OK  [0m] Started Load/Save Random Seed.
[[0;32m  OK  [0m] Started udev Coldplug all Devices.
[[0;32m  OK  [0m] Started Monitoring of LVM2 mirrors,...ng dmeventd or progress polling.
[[0;32m  OK  [0m] Started Flush Journal to Persistent Storage.
         Starting udev Kernel Device Manager...
[[0;32m  OK  [0m] Started udev Kernel Device Manager.
[[0;32m  OK  [0m] Started Dispatch Password Requests to Console Directory Watch.
[[0;32m  OK  [0m] Reached target Local File Systems (Pre).
[[0;32m  OK  [0m] Reached target Local File Systems.
         Starting Tell Plymouth To Write Out Runtime Data...
         Starting LSB: AppArmor initialization...
         Starting Set console font and keymap...
         Starting Create Volatile Files and Directories...
         Starting Commit a transient machine-id on disk...
[[0;32m  OK  [0m] Started Tell Plymouth To Write Out Runtime Data.
[[0;32m  OK  [0m] Started Create Volatile Files and Directories.
[[0;32m  OK  [0m] Started Commit a transient machine-id on disk.
[[0;32m  OK  [0m] Found device /dev/ttyS0.
[   20.288167] cloud-init[453]: Cloud-init v. 17.1 running 'init-local' at Fri, 15 Dec 2017 22:29:06 +0000. Up 19.80 seconds.
[[0;32m  OK  [0m] Started Initial cloud-init job (pre-networking).
[[0;32m  OK  [0m] Started Set console font and keymap.
[[0;32m  OK  [0m] Listening on Load/Save RF Kill Switch Status /dev/rfkill Watch.
[[0;32m  OK  [0m] Created slice system-getty.slice.
[[0;32m  OK  [0m] Reached target Network (Pre).
[[0;32m  OK  [0m] Reached target System Time Synchronized.
         Starting Update UTMP about System Boot/Shutdown...
[[0;32m  OK  [0m] Started LSB: AppArmor initialization.
[[0;32m  OK  [0m] Started Update UTMP about System Boot/Shutdown.
         Starting Raise network interfaces...
[[0;32m  OK  [0m] Started Raise network interfaces.
         Starting Initial cloud-init job (metadata service crawler)...
[[0;32m  OK  [0m] Reached target Network.
[   23.957464] cloud-init[947]: Cloud-init v. 17.1 running 'init' at Fri, 15 Dec 2017 22:29:10 +0000. Up 23.21 seconds.
[   24.012703] cloud-init[947]: ci-info: ++++++++++++++++++++++++++++++++++++++Net device info++++++++++++++++++++++++++++++++++++++
[   24.112544] cloud-init[947]: ci-info: +--------+-------+----------------------------+---------------+-------+-------------------+
[   24.196654] cloud-init[947]: ci-info: | Device |   Up  |          Address           |      Mask     | Scope |     Hw-Address    |
[[0;32m  OK  [0m] Started Initial cloud-init job (metadata service crawler).
[   24.244879] [cloud-init[0;32m  OK  [0m[947]: ] ci-info: +--------+-------+----------------------------+---------------+-------+-------------------+Reached target System Initialization.

[   24.489560] [cloud-init[0;32m  OK  [0m[947]: ] ci-info: | enp0s3 |  True |         10.0.2.15          | 255.255.255.0 |   .   | 02:b9:83:f0:a4:db |Started ACPI Events Check.

[   24.637108] [cloud-init[0;32m  OK  [0m[947]: ] ci-info: | enp0s3 |  True | fe80::b9:83ff:fef0:a4db/64 |       .       |  link | 02:b9:83:f0:a4:db |Reached target Paths.

[[0;32m  OK  [0m] Started Daily Cleanup of Temporary Directories.
[   24.637682] cloud-init[947]: ci-info: | enp0s8 | False |             .              |       .       |   .   | 08:00:27:ce:de:71 |
[   24.813356]          cloud-initStarting LXD - unix socket.[947]: 
ci-info: |   lo   |  True |         127.0.0.1          |   255.0.0.0   |   .   |         .         |
[[0;32m  OK  [0m] Started Timer to automatically refresh installed snaps.
[[0;32m  OK  [0m] Listening on D-Bus System Message Bus Socket.
[   24.836402] cloud-init[947]: ci-info: |   lo   |  True |          ::1/128           |       .       |  host |         .         |
[   25.038748]          cloud-initStarting Socket activation for snappy daemon.[947]: 
ci-info: +--------+-------+----------------------------+---------------+-------+-------------------+
[[0;32m  OK  [0m] Listening on ACPID Listen Socket.
[   25.111725] cloud-init[947]: ci-info: +++++++++++++++++++++++++++Route IPv4 info++++++++++++++++++++++++++++
[   25.136670] [cloud-init[0;32m  OK  [0m[947]: ] ci-info: +-------+-------------+----------+---------------+-----------+-------+Listening on UUID daemon activation socket.

[[0;32m  OK  [0m] Reached target Cloud-config availability.
[[   25.137311] [0;32m  OK  [0mcloud-init] [947]: Reached target Network is Online.ci-info: | Route | Destination | Gateway  |    Genmask    | Interface | Flags |

         Starting iSCSI initiator daemon (iscsid)...
[[0;32m  OK  [0m] Started Daily apt download activities.[   25.356536] cloud-init[947]: ci-info: +-------+-------------+----------+---------------+-----------+-------+
[   25.368435] cloud-init[947]: ci-info: |   0   |   0.0.0.0   | 10.0.2.2 |    0.0.0.0    |   enp0s3  |   UG  |
[   25.368487] cloud-init[947]: ci-info: |   1   |   10.0.2.0  | 0.0.0.0  | 255.255.255.0 |   enp0s3  |   U   |
[   25.368526] cloud-init[947]: ci-info: +-------+-------------+----------+---------------+-----------+-------+
[   25.368558] cloud-init[947]: Generating public/private rsa key pair.
[   25.368590] cloud-init[947]: Your identification has been saved in /etc/ssh/ssh_host_rsa_key.
[   25.368620] cloud-init[947]: Your public key has been saved in /etc/ssh/ssh_host_rsa_key.pub.
[   25.368651] cloud-init[947]: The key fingerprint is:
[   25.368683] cloud-init[947]: SHA256:r4rM+mj5Gx2pH9OC+4HN964DbAJZ7Ef14mApEsYwxBo root@ubuntu-xenial
[   25.368714] cloud-init[947]: The key's randomart image is:
[   25.368747] cloud-init[947]: +---[RSA 2048]----+
[   25.368779] cloud-init[947]: |=+o.   ..        |
[   25.368810] cloud-init[947]: |E+..o .. .       |
[   25.368849] cloud-init[947]: |...+..+ . .      |
[   25.369112] cloud-init[947]: |. o..o.+ .       |
[   25.369154] cloud-init[947]: |   . oo S        |
[   25.369186] cloud-init[947]: |    .B+o .       |
[   25.369217] cloud-init[947]: |   .=oO.o .      |
[   25.369248] cloud-init[947]: |  o+ = *.o       |
[   25.369284] cloud-init[947]: | .o+Oo+.o+o      |
[   25.369316] cloud-init[947]: +----[SHA256]-----+
[   25.369348] cloud-init[947]: Generating public/private dsa key pair.
[   25.369393] cloud-init[947]: Your identification has been saved in /etc/ssh/ssh_host_dsa_key.
[   25.369516] cloud-init[947]: Your public key has been saved in /etc/ssh/ssh_host_dsa_key.pub.
[   25.369670] cloud-init[947]: The key fingerprint is:
[   25.369749] cloud-init[947]: SHA256:MBZfdIdnthxaZ5Ro5tMnrh6sx12CPa/D4cXfuD+t0bk root@ubuntu-xenial
[   25.369876] cloud-init[947]: The key's randomart image is:
[   25.369939] cloud-init[947]: +---[DSA 1024]----+
[   25.369975] cloud-init[947]: |      .  .o ..o.o|
[   25.370007] cloud-init[947]: |       o . ..=*.o|
[   25.370041] cloud-init[947]: |      + .   +B.= |
[   25.370071] cloud-init[947]: |     . o    .o+..|
[   25.370100] cloud-init[947]: |        S    +.o.|
[   25.370133] cloud-init[947]: |           .. *.=|
[   25.370164] cloud-init[947]: |           .o=.X=|
[   25.370194] cloud-init[947]: |           .+.*o*|
[   25.370224] cloud-init[947]: |          .o. +Eo|
[   25.370253] cloud-init[947]: +----[SHA256]-----+
[   25.370284] cloud-init[947]: Generating public/private ecdsa key pair.
[   25.370316] cloud-init[947]: Your identification has been saved in /etc/ssh/ssh_host_ecdsa_key.
[   25.370348] cloud-init[947]: Your public key has been saved in /etc/ssh/ssh_host_ecdsa_key.pub.
[   25.370379] cloud-init[947]: The key fingerprint is:
[   25.370408] cloud-init[947]: SHA256:fp1i/6H4/+Vt5An7a+TqlkcX5jbHq8ZY7qkUJxRNDBU root@ubuntu-xenial
[   25.370439] cloud-init[947]: The key's randomart image is:
[   25.370469] cloud-init[947]: +---[ECDSA 256]---+
[   25.370499] cloud-init[947]: |           o*E.  |
[   25.370529] cloud-init[947]: |            .o   |
[   25.370559] cloud-init[947]: |           .     |
[   25.370590] cloud-init[947]: |          .    o |
[   25.370620] cloud-init[947]: |        S  o .o..|
[   25.370652] cloud-init[947]: |       .   .++ *=|
[   25.370689] cloud-init[947]: |        . +.B XoB|
[   25.370728] cloud-init[947]: |         o.= O.O=|
[   25.370776] cloud-init[947]: |          .oXOO==|
[   25.370810] cloud-init[947]: +----[SHA256]-----+
[   25.370841] cloud-init[947]: Generating public/private ed25519 key pair.
[   25.370880] cloud-init[947]: Your identification has been saved in /etc/ssh/ssh_host_ed25519_key.
[   25.370915] cloud-init[947]: Your public key has been saved in /etc/ssh/ssh_host_ed25519_key.pub.
[   25.370946] cloud-init[947]: The key fingerprint is:
[   25.370976] cloud-init[947]: SHA256:DfWPOb+MX0TERjlPvbYDdggIoQcqqFfCcGeASRY1hEk root@ubuntu-xenial
[   27.635788] cloud-init[947]: The key's randomart image is:
[   27.635834] cloud-init[947]: +--[ED25519 256]--+
[   27.635876] cloud-init[947]: |+EO=o. oo o    o=|
[   27.635909] cloud-init[947]: |=* oo o  o o   +=|
[   27.635940] cloud-init[947]: |..o... ..   o .o=|
[   27.635971] cloud-init[947]: |. .o  .  o   B =.|
[   27.636001] cloud-init[947]: |. .     S . = = o|
[   27.636033] cloud-init[947]: | .           o + |
[   27.636063] cloud-init[947]: |              . o|
[   27.636094] cloud-init[947]: |             o o |
[   27.636125] cloud-init[947]: |            ..+  |
[   27.636155] cloud-init[947]: +----[SHA256]-----+

[[0;32m  OK  [0m] Started Daily apt upgrade and clean activities.
[[0;32m  OK  [0m] Reached target Timers.
[[0;32m  OK  [0m] Listening on LXD - unix socket.
[[0;32m  OK  [0m] Listening on Socket activation for snappy daemon.
[[0;32m  OK  [0m] Reached target Sockets.
[[0;32m  OK  [0m] Reached target Basic System.
         Starting /etc/rc.local Compatibility...
[[0;32m  OK  [0m] Started Deferred execution scheduler.
[[0;32m  OK  [0m] Started FUSE filesystem for LXC.
[[0;32m  OK  [0m] Started D-Bus System Message Bus.
         Starting Snappy daemon...
[[0;32m  OK  [0m] Started Unattended Upgrades Shutdown.
[[0;32m  OK  [0m] Started Regular background program processing daemon.
         Starting LSB: Record successful boot for GRUB...
         Starting Login Service...
         Starting System Logging Service...
         Starting LSB: MD monitoring daemon...
[[0;32m  OK  [0m] Started ACPI event daemon.
         Starting Apply the settings specified in cloud-config...
         Starting Pollinate to seed the pseudo random number generator...
         Starting Accounts Service...
         Starting LXD - container startup/shutdown...
[[0;32m  OK  [0m] Started Snappy daemon.
[[0;32m  OK  [0m] Started System Logging Service.
[[0;32m  OK  [0m] Started iSCSI initiator daemon (iscsid).
[[0;32m  OK  [0m] Started /etc/rc.local Compatibility.
[[0;32m  OK  [0m] Started LXD - container startup/shutdown.
[[0;32m  OK  [0m] Started LSB: Record successful boot for GRUB.
[[0;32m  OK  [0m] Started LSB: MD monitoring daemon.
[[0;32m  OK  [0m] Started Login Service.
         Starting Authenticate and Authorize Users to Run Privileged Tasks...
         Starting Login to default iSCSI targets...
[[0;32m  OK  [0m] Started Authenticate and Authorize Users to Run Privileged Tasks.
[[0;32m  OK  [0m] Started Accounts Service.
[[0;32m  OK  [0m] Started Login to default iSCSI targets.
[[0;32m  OK  [0m] Reached target Remote File Systems (Pre).
[[0;32m  OK  [0m] Reached target Remote File Systems.
[   29.692918] cloud-init[1089]: Generating locales (this might take a while)...
         Starting LSB: automatic crash report generation...
         Starting LSB: VirtualBox Linux Additions...
         Starting LSB: Set the CPU Frequency Scaling governor to "ondemand"...
         Starting LSB: daemon to balance interrupts for SMP systems...
         Starting Permit User Sessions...
[[0;32m  OK  [0m] Started Permit User Sessions.
         Starting Terminate Plymouth Boot Screen...
         Starting Hold until boot process finishes up...
[[0;32m  OK  [0m] Started LSB: automatic crash report generation.
[[0;32m  OK  [0m] Started LSB: Set the CPU Frequency Scaling governor to "ondemand".
[[0;32m  OK  [0m] Started LSB: VirtualBox Linux Additions.
[[0;32m  OK  [0m] Started LSB: daemon to balance interrupts for SMP systems.
[[0;32m  OK  [0m] Started Terminate Plymouth Boot Screen.
[[0;32m  OK  [0m] Started Hold until boot process finishes up.
[[0;32m  OK  [0m] Started Getty on tty1.
[[0;32m  OK  [0m] Started Serial Getty on ttyS0.
[[0;32m  OK  [0m] Reached target Login Prompts.
         Starting Set console scheme...
[[0;32m  OK  [0m] Started Pollinate to seed the pseudo random number generator.
[[0;32m  OK  [0m] Started Set console scheme.
         Starting OpenBSD Secure Shell server...
[[0;32m  OK  [0m] Started OpenBSD Secure Shell server.
[[0;32m  OK  [0m] Reached target Multi-User System.
[[0;32m  OK  [0m] Reached target Graphical Interface.
         Starting Update UTMP about System Runlevel Changes...
[[0;32m  OK  [0m] Started Update UTMP about System Runlevel Changes.
[   30.753589] cloud-init[1089]:   en_US.UTF-8... done
[   30.784514] cloud-init[1089]: Generation complete.
         Stopping OpenBSD Secure Shell server...
[[0;32m  OK  [0m] Stopped OpenBSD Secure Shell server.
         Starting OpenBSD Secure Shell server...
[[0;32m  OK  [0m] Started OpenBSD Secure Shell server.
[[0;32m  OK  [0m] Created slice User Slice of ubuntu.
         Starting User Manager for UID 1000...
[[0;32m  OK  [0m] Started User Manager for UID 1000.
[[0;32m  OK  [0m] Started Session 1 of user ubuntu.
[   31.369505] cloud-init[1089]: Cloud-init v. 17.1 running 'modules:config' at Fri, 15 Dec 2017 22:29:16 +0000. Up 29.54 seconds.
[[0;32m  OK  [0m] Started Apply the settings specified in cloud-config.
         Starting Execute cloud user/final scripts...
ci-info: no authorized ssh keys fingerprints found for user ubuntu.
<14>Dec 15 22:29:18 ec2: 
<14>Dec 15 22:29:18 ec2: #############################################################
<14>Dec 15 22:29:18 ec2: -----BEGIN SSH HOST KEY FINGERPRINTS-----
<14>Dec 15 22:29:18 ec2: 1024 SHA256:MBZfdIdnthxaZ5Ro5tMnrh6sx12CPa/D4cXfuD+t0bk root@ubuntu-xenial (DSA)
<14>Dec 15 22:29:18 ec2: 256 SHA256:fp1i/6H4/+Vt5An7a+TqlkcX5jbHq8ZY7qkUJxRNDBU root@ubuntu-xenial (ECDSA)
<14>Dec 15 22:29:18 ec2: 256 SHA256:DfWPOb+MX0TERjlPvbYDdggIoQcqqFfCcGeASRY1hEk root@ubuntu-xenial (ED25519)
<14>Dec 15 22:29:18 ec2: 2048 SHA256:r4rM+mj5Gx2pH9OC+4HN964DbAJZ7Ef14mApEsYwxBo root@ubuntu-xenial (RSA)
<14>Dec 15 22:29:18 ec2: -----END SSH HOST KEY FINGERPRINTS-----
<14>Dec 15 22:29:18 ec2: #############################################################
-----BEGIN SSH HOST KEY KEYS-----
ecdsa-sha2-nistp256 AAAAE2VjZHNhLXNoYTItbmlzdHAyNTYAAAAIbmlzdHAyNTYAAABBBHIHURtuUvDH5Xx6qjBwpPjqXWC7S43A+IaQvuhiSG1XSHrjIoYbbZ5Xm+IfKED4S4LcN9etQsyFcmaXgUOJfVw= root@ubuntu-xenial
ssh-ed25519 AAAAC3NzaC1lZDI1NTE5AAAAIJVcZTk6tdcBV6NwaCiw32aXj0ntwH9Omreml0yn5LmG root@ubuntu-xenial
ssh-rsa AAAAB3NzaC1yc2EAAAADAQABAAABAQC0m/MZLbY7NhDQNArYGkZNriQjP5yUMaH6GMNxeK2C81OWc7FQD+kA4cavvyzHXt44Gc1s4GEsyo0XMwaJ4rYB415TPkHW9OpusqIZvHoOBJH5BS0aRh+wCH4eC8AI0CFTcikBb0Sy0CFG1jM+FWmGcmBU0Wud1hUuTw908aEkjoaRCKzJZSwMuCYO5xJe3UsEpI1LNO3tqwT0l+Ry72nlUUIL3VA1cLbuskmG+kiEqQ9Vm6SR8niflHHltiiAzzlVBbZtlLf2GHjEMtxTaZkWT0LOlM2T8Q+MF4c/FP6ydJQlUx25x4wBb6Sfgvi41LaCMLRJrJnuGda/sVhpG6nJ root@ubuntu-xenial
-----END SSH HOST KEY KEYS-----
[   32.411614] cloud-init[1363]: Cloud-init v. 17.1 running 'modules:final' at Fri, 15 Dec 2017 22:29:18 +0000. Up 31.90 seconds.
[   32.494688] cloud-init[1363]: ci-info: no authorized ssh keys fingerprints found for user ubuntu.
[   32.537251]          Starting Hostname Service...
cloud-init[1363]: [[0;32m  OK  [0m] Started Execute cloud user/final scripts.
Cloud-init v. 17.1 finished at Fri, 15 Dec 2017 22:29:19 +0000. Datasource DataSourceNoCloud [seed=/dev/sdb][dsmode=net].  Up 32.39 seconds
[[0;32m  OK  [0m] Started Hostname Service.
[[0;32m  OK  [0m] Reached target Cloud-init target.

Ubuntu 16.04.3 LTS criuDest ttyS0

criuDest login: 